{"C:\\Users\\guillermorr\\Documents\\GitHub\\vue2-jest-ts-coverage\\src\\components\\HelloWorld.vue": {"path":"C:\\Users\\guillermorr\\Documents\\GitHub\\vue2-jest-ts-coverage\\src\\components\\HelloWorld.vue","statementMap":{"0":{"start":{"line":9,"column":0},"end":{"line":9,"column":null}},"1":{"start":{"line":12,"column":0},"end":{"line":12,"column":null}},"2":{"start":{"line":13,"column":0},"end":{"line":13,"column":null}},"3":{"start":{"line":1,"column":0},"end":{"line":1,"column":null}}},"fnMap":{"0":{"name":"(anonymous_3)","decl":{"start":{"line":1,"column":0},"end":{"line":1,"column":null}},"loc":{"start":{"line":1,"column":0},"end":{"line":1,"column":null}}}},"branchMap":{},"s":{"0":1,"1":2,"2":1,"3":6},"f":{"0":1},"b":{}}
}
